<?xml version="1.0" encoding="UTF-8"?>
<testng-results ignored="0" total="1" passed="1" failed="0" skipped="0">
  <reporter-output>
  </reporter-output>
  <suite started-at="2026-02-27T16:49:59 IST" name="Nasar&#039;s CI/CD" finished-at="2026-02-27T16:49:59 IST" duration-ms="59">
    <groups>
    </groups>
    <test started-at="2026-02-27T16:49:59 IST" name="Git ki Practice with Jenkins" finished-at="2026-02-27T16:49:59 IST" duration-ms="59">
      <class name="Git_Package_cicd.ForGitPractice">
        <test-method signature="printName()[pri:0, instance:Git_Package_cicd.ForGitPractice@59662a0b]" started-at="2026-02-27T16:49:59 IST" name="printName" finished-at="2026-02-27T16:49:59 IST" duration-ms="9" status="PASS">
          <reporter-output>
          </reporter-output>
        </test-method> <!-- printName -->
      </class> <!-- Git_Package_cicd.ForGitPractice -->
    </test> <!-- Git ki Practice with Jenkins -->
  </suite> <!-- Nasar's CI/CD -->
</testng-results>
