<?xml version="1.0" encoding="UTF-8"?>
<testng-results ignored="0" total="0" passed="0" failed="0" skipped="0">
  <reporter-output>
  </reporter-output>
  <suite started-at="2026-02-28T15:59:53 IST" name="Nasar&#039;s CI/CD" finished-at="2026-02-28T15:59:53 IST" duration-ms="11">
    <groups>
    </groups>
    <test started-at="2026-02-28T15:59:53 IST" name="Git ki Practice with Jenkins" finished-at="2026-02-28T15:59:53 IST" duration-ms="11">
    </test> <!-- Git ki Practice with Jenkins -->
  </suite> <!-- Nasar's CI/CD -->
</testng-results>
